build/intermediates/manifest_merge_blame_file/playRelease/manifest-merger-blame-play-release-report.txt
1<?xml version="1.0" encoding="utf-8"?>
2<manifest xmlns:android="http://schemas.android.com/apk/res/android"
3    package="de.j4velin.pedometer"
4    android:versionName="1.0.0" >
5
6    <uses-sdk
6-->src\main\AndroidManifest.xml:8:5-46
7        android:minSdkVersion="21"
8        android:targetSdkVersion="30" />
8-->src\main\AndroidManifest.xml:8:15-44
9
10    <uses-feature
10-->src\main\AndroidManifest.xml:10:5-12:34
11        android:name="android.hardware.sensor.stepcounter"
11-->src\main\AndroidManifest.xml:11:9-59
12        android:required="true" />
12-->src\main\AndroidManifest.xml:12:9-32
13
14    <uses-permission android:name="android.permission.RECEIVE_BOOT_COMPLETED" />
14-->src\main\AndroidManifest.xml:14:5-80
14-->src\main\AndroidManifest.xml:14:22-78
15    <uses-permission android:name="android.permission.WRITE_EXTERNAL_STORAGE" />
15-->src\main\AndroidManifest.xml:15:5-80
15-->src\main\AndroidManifest.xml:15:22-78
16    <uses-permission android:name="android.permission.FOREGROUND_SERVICE" />
16-->src\main\AndroidManifest.xml:16:5-76
16-->src\main\AndroidManifest.xml:16:22-74
17    <uses-permission
17-->src\main\AndroidManifest.xml:17:5-94
18        android:name="android.permission.WAKE_LOCK"
18-->src\main\AndroidManifest.xml:17:22-65
19        android:maxSdkVersion="26" />
19-->src\main\AndroidManifest.xml:17:66-92
20
21    <application
21-->src\main\AndroidManifest.xml:19:5-89:19
22        android:allowBackup="true"
22-->src\main\AndroidManifest.xml:20:9-35
23        android:appComponentFactory="androidx.core.app.CoreComponentFactory"
23-->[androidx.core:core:1.3.0] AndroidManifest.xml:24:18-86
24        android:icon="@mipmap/ic_launcher"
24-->src\main\AndroidManifest.xml:21:9-43
25        android:label="@string/app_name"
25-->src\main\AndroidManifest.xml:22:9-41
26        android:theme="@android:style/Theme.DeviceDefault.Light.DarkActionBar" >
26-->src\main\AndroidManifest.xml:23:9-79
27        <meta-data
27-->src\play\AndroidManifest.xml:5:9-7:45
28            android:name="com.google.android.gms.games.APP_ID"
28-->src\play\AndroidManifest.xml:6:13-63
29            android:value="@string/app_id" />
29-->src\play\AndroidManifest.xml:7:13-43
30        <meta-data
30-->src\play\AndroidManifest.xml:8:9-10:68
31            android:name="com.google.android.gms.version"
31-->src\play\AndroidManifest.xml:9:13-58
32            android:value="@integer/google_play_services_version" />
32-->src\play\AndroidManifest.xml:10:13-66
33
34        <activity
34-->src\main\AndroidManifest.xml:26:9-35:20
35            android:name="de.j4velin.pedometer.ui.Activity_Main"
35-->src\main\AndroidManifest.xml:27:13-45
36            android:label="@string/app_name"
36-->src\main\AndroidManifest.xml:28:13-45
37            android:launchMode="singleTask" >
37-->src\main\AndroidManifest.xml:29:13-44
38            <intent-filter>
38-->src\main\AndroidManifest.xml:30:13-34:29
39                <action android:name="android.intent.action.MAIN" />
39-->src\main\AndroidManifest.xml:31:17-68
39-->src\main\AndroidManifest.xml:31:25-66
40
41                <category android:name="android.intent.category.LAUNCHER" />
41-->src\main\AndroidManifest.xml:33:17-76
41-->src\main\AndroidManifest.xml:33:27-74
42            </intent-filter>
43        </activity>
44
45        <receiver android:name="de.j4velin.pedometer.BootReceiver" >
45-->src\main\AndroidManifest.xml:37:9-41:20
45-->src\main\AndroidManifest.xml:37:19-47
46            <intent-filter>
46-->src\main\AndroidManifest.xml:38:13-40:29
47                <action android:name="android.intent.action.BOOT_COMPLETED" />
47-->src\main\AndroidManifest.xml:39:17-78
47-->src\main\AndroidManifest.xml:39:25-76
48            </intent-filter>
49        </receiver>
50        <receiver android:name="de.j4velin.pedometer.AppUpdatedReceiver" >
50-->src\main\AndroidManifest.xml:42:9-46:20
50-->src\main\AndroidManifest.xml:42:19-53
51            <intent-filter>
51-->src\main\AndroidManifest.xml:43:13-45:29
52                <action android:name="android.intent.action.MY_PACKAGE_REPLACED" />
52-->src\main\AndroidManifest.xml:44:17-83
52-->src\main\AndroidManifest.xml:44:25-81
53            </intent-filter>
54        </receiver>
55
56        <service android:name="de.j4velin.pedometer.SensorListener" />
56-->src\main\AndroidManifest.xml:48:9-49:45
56-->src\main\AndroidManifest.xml:49:13-43
57        <service
57-->src\main\AndroidManifest.xml:51:9-67:19
58            android:name="de.j4velin.pedometer.widget.DashClock"
58-->src\main\AndroidManifest.xml:52:13-45
59            android:permission="com.google.android.apps.dashclock.permission.READ_EXTENSION_DATA" >
59-->src\main\AndroidManifest.xml:53:13-98
60            <intent-filter>
60-->src\main\AndroidManifest.xml:54:13-56:29
61                <action android:name="com.google.android.apps.dashclock.Extension" />
61-->src\main\AndroidManifest.xml:55:17-85
61-->src\main\AndroidManifest.xml:55:25-83
62            </intent-filter>
63
64            <meta-data
64-->src\main\AndroidManifest.xml:58:13-60:36
65                android:name="protocolVersion"
65-->src\main\AndroidManifest.xml:59:17-47
66                android:value="2" />
66-->src\main\AndroidManifest.xml:60:17-34
67            <meta-data
67-->src\main\AndroidManifest.xml:61:13-63:39
68                android:name="worldReadable"
68-->src\main\AndroidManifest.xml:62:17-45
69                android:value="true" />
69-->src\main\AndroidManifest.xml:63:17-37
70            <meta-data
70-->src\main\AndroidManifest.xml:64:13-66:65
71                android:name="description"
71-->src\main\AndroidManifest.xml:65:17-43
72                android:value="Displays the steps taken today" />
72-->src\main\AndroidManifest.xml:66:17-63
73        </service>
74
75        <activity
75-->src\main\AndroidManifest.xml:69:9-75:20
76            android:name="de.j4velin.pedometer.widget.WidgetConfig"
76-->src\main\AndroidManifest.xml:70:13-48
77            android:theme="@android:style/Theme.Holo.Dialog.NoActionBar" >
77-->src\main\AndroidManifest.xml:71:13-73
78            <intent-filter>
78-->src\main\AndroidManifest.xml:72:13-74:29
79                <action android:name="android.appwidget.action.APPWIDGET_CONFIGURE" />
79-->src\main\AndroidManifest.xml:73:17-86
79-->src\main\AndroidManifest.xml:73:25-84
80            </intent-filter>
81        </activity>
82
83        <receiver android:name="de.j4velin.pedometer.widget.Widget" >
83-->src\main\AndroidManifest.xml:77:9-85:20
83-->src\main\AndroidManifest.xml:77:19-48
84            <intent-filter>
84-->src\main\AndroidManifest.xml:78:13-80:29
85                <action android:name="android.appwidget.action.APPWIDGET_UPDATE" />
85-->src\main\AndroidManifest.xml:79:17-83
85-->src\main\AndroidManifest.xml:79:25-81
86            </intent-filter>
87
88            <meta-data
88-->src\main\AndroidManifest.xml:82:13-84:49
89                android:name="android.appwidget.provider"
89-->src\main\AndroidManifest.xml:83:17-58
90                android:resource="@xml/widget" />
90-->src\main\AndroidManifest.xml:84:17-47
91        </receiver>
92
93        <service
93-->src\main\AndroidManifest.xml:87:9-88:76
94            android:name="de.j4velin.pedometer.widget.WidgetUpdateService"
94-->src\main\AndroidManifest.xml:87:18-60
95            android:exported="true"
95-->src\main\AndroidManifest.xml:87:61-84
96            android:permission="android.permission.BIND_JOB_SERVICE" />
96-->src\main\AndroidManifest.xml:88:18-74
97
98        <activity
98-->[com.github.j4velin.colorpicker:colorpicker:1.20.6] AndroidManifest.xml:12:9-15:54
99            android:name="de.j4velin.lib.colorpicker.ExtractFromPhoto"
99-->[com.github.j4velin.colorpicker:colorpicker:1.20.6] AndroidManifest.xml:13:13-71
100            android:hardwareAccelerated="false"
100-->[com.github.j4velin.colorpicker:colorpicker:1.20.6] AndroidManifest.xml:14:13-48
101            android:theme="@style/LibTheme.Dialog" />
101-->[com.github.j4velin.colorpicker:colorpicker:1.20.6] AndroidManifest.xml:15:13-51
102        <activity
102-->[com.google.android.gms:play-services-base:15.0.1] AndroidManifest.xml:23:9-26:75
103            android:name="com.google.android.gms.common.api.GoogleApiActivity"
103-->[com.google.android.gms:play-services-base:15.0.1] AndroidManifest.xml:24:13-79
104            android:exported="false"
104-->[com.google.android.gms:play-services-base:15.0.1] AndroidManifest.xml:25:13-37
105            android:theme="@android:style/Theme.Translucent.NoTitleBar" />
105-->[com.google.android.gms:play-services-base:15.0.1] AndroidManifest.xml:26:13-72
106    </application>
107
108</manifest>